<?xml version="1.0" encoding="UTF-8"?>
<testng-results ignored="1" total="2" passed="1" failed="0" skipped="0">
  <reporter-output>
  </reporter-output>
  <suite started-at="2022-07-23T15:15:49 IST" name="Default suite" finished-at="2022-07-23T15:15:56 IST" duration-ms="7234">
    <groups>
    </groups>
    <test started-at="2022-07-23T15:15:49 IST" name="Default test" finished-at="2022-07-23T15:15:56 IST" duration-ms="7234">
      <class name="Day1.Day1Test">
        <test-method is-config="true" signature="setup()[pri:0, instance:Day1.Day1Test@481a996b]" started-at="2022-07-23T15:15:49 IST" name="setup" finished-at="2022-07-23T15:15:50 IST" duration-ms="735" status="PASS">
          <reporter-output>
          </reporter-output>
        </test-method> <!-- setup -->
        <test-method signature="getBookingDetailsById()[pri:1, instance:Day1.Day1Test@481a996b]" started-at="2022-07-23T15:15:50 IST" name="getBookingDetailsById" finished-at="2022-07-23T15:15:56 IST" duration-ms="6421" status="PASS">
          <reporter-output>
          </reporter-output>
        </test-method> <!-- getBookingDetailsById -->
      </class> <!-- Day1.Day1Test -->
    </test> <!-- Default test -->
  </suite> <!-- Default suite -->
</testng-results>
